. 2018-01-20 13:56:39.877 --------------------------------------------------------------------------
. 2018-01-20 13:56:39.877 WinSCP Version 5.11.2 (Build 7781) (OS 10.0.16299 - Windows 10 Home)
. 2018-01-20 13:56:39.877 Configuration: nul
. 2018-01-20 13:56:39.878 Log level: Normal
. 2018-01-20 13:56:39.878 Local account: DESKTOP-E0V3QOB\Ena So
. 2018-01-20 13:56:39.878 Working directory: C:\Users\Ena So\Desktop\Software
. 2018-01-20 13:56:39.878 Process ID: 15560
. 2018-01-20 13:56:39.878 Command-line: "C:\Program Files (x86)\WinSCP\WinSCP.exe" /console=5.11.2 /consoleinstance=_16592_521 "/ini=nul" "/log=ftp.log" "/script=script.txt" 
. 2018-01-20 13:56:39.878 Time zone: Current: GMT-5, Standard: GMT-5 (Eastern Standard Time), DST: GMT-4 (Eastern Daylight Time), DST Start: 2018-03-11, DST End: 2018-11-04
. 2018-01-20 13:56:39.879 Login time: January 20, 2018 1:56:39 PM
. 2018-01-20 13:56:39.879 --------------------------------------------------------------------------
. 2018-01-20 13:56:39.879 Script: Retrospectively logging previous script records:
> 2018-01-20 13:56:39.879 Script: open sftp://yso02:***@linux.socs.uoguelph.ca/ -hostkey="ecdsa-sha2-nistp256 256 5e:2e:71:b0:e7:09:1c:3f:86:93:5c:a1:63:2f:02:86"
. 2018-01-20 13:56:39.879 --------------------------------------------------------------------------
. 2018-01-20 13:56:39.879 Session name: yso02@linux.socs.uoguelph.ca (Ad-Hoc site)
. 2018-01-20 13:56:39.879 Host name: linux.socs.uoguelph.ca (Port: 22)
. 2018-01-20 13:56:39.879 User name: yso02 (Password: Yes, Key file: No, Passphrase: No)
. 2018-01-20 13:56:39.879 Tunnel: No
. 2018-01-20 13:56:39.879 Transfer Protocol: SFTP
. 2018-01-20 13:56:39.879 Ping type: Off, Ping interval: 30 sec; Timeout: 15 sec
. 2018-01-20 13:56:39.879 Disable Nagle: No
. 2018-01-20 13:56:39.879 Proxy: None
. 2018-01-20 13:56:39.879 Send buffer: 262144
. 2018-01-20 13:56:39.879 SSH protocol version: 2; Compression: No
. 2018-01-20 13:56:39.879 Bypass authentication: No
. 2018-01-20 13:56:39.879 Try agent: Yes; Agent forwarding: No; TIS/CryptoCard: No; KI: Yes; GSSAPI: Yes
. 2018-01-20 13:56:39.879 GSSAPI: Forwarding: No
. 2018-01-20 13:56:39.879 Ciphers: aes,chacha20,blowfish,3des,WARN,arcfour,des; Ssh2DES: No
. 2018-01-20 13:56:39.879 KEX: ecdh,dh-gex-sha1,dh-group14-sha1,rsa,WARN,dh-group1-sha1
. 2018-01-20 13:56:39.879 SSH Bugs: Auto,Auto,Auto,Auto,Auto,Auto,Auto,Auto,Auto,Auto,Auto,Auto,Auto
. 2018-01-20 13:56:39.880 Simple channel: Yes
. 2018-01-20 13:56:39.880 Return code variable: Autodetect; Lookup user groups: Auto
. 2018-01-20 13:56:39.880 Shell: default
. 2018-01-20 13:56:39.880 EOL: LF, UTF: Auto
. 2018-01-20 13:56:39.880 Clear aliases: Yes, Unset nat.vars: Yes, Resolve symlinks: Yes; Follow directory symlinks: No
. 2018-01-20 13:56:39.880 LS: ls -la, Ign LS warn: Yes, Scp1 Comp: No
. 2018-01-20 13:56:39.880 SFTP Bugs: Auto,Auto
. 2018-01-20 13:56:39.880 SFTP Server: default
. 2018-01-20 13:56:39.880 Local directory: default, Remote directory: home, Update: Yes, Cache: Yes
. 2018-01-20 13:56:39.880 Cache directory changes: Yes, Permanent: Yes
. 2018-01-20 13:56:39.880 Recycle bin: Delete to: No, Overwritten to: No, Bin path: 
. 2018-01-20 13:56:39.880 DST mode: Unix
. 2018-01-20 13:56:39.880 --------------------------------------------------------------------------
. 2018-01-20 13:56:39.880 Looking up host "linux.socs.uoguelph.ca" for SSH connection
. 2018-01-20 13:56:39.889 Connecting to 131.104.48.74 port 22
